<?xml version="1.0" encoding="UTF-8"?>
<!-- Generated by org.testng.reporters.JUnitReportReporter -->
<testsuite hostname="Asis" failures="0" tests="4" name="StepDefinition.LoginStep" time="9.973" errors="0" timestamp="2024-03-08T09:39:07 IST" skipped="0">
  <testcase classname="StepDefinition.LoginStep" name="launchSite" time="2.011"/>
  <system-out/>
  <testcase classname="StepDefinition.LoginStep" name="doClickMyGOVButton" time="7.066"/>
  <system-out/>
  <testcase classname="StepDefinition.LoginStep" name="doEnterEmailAddress" time="0.772"/>
  <system-out/>
  <testcase classname="StepDefinition.LoginStep" name="doClickLoginButton" time="0.124"/>
  <system-out/>
</testsuite> <!-- StepDefinition.LoginStep -->
