<?xml version="1.0" encoding="UTF-8"?>
<!-- Generated by org.testng.reporters.JUnitReportReporter -->
<testsuite hostname="Asis" failures="0" tests="4" name="TestCases.LoginPageTestCase" time="15.716" errors="0" timestamp="2024-03-08T09:50:50 IST" skipped="0">
  <testcase classname="TestCases.LoginPageTestCase" name="launchSite" time="7.960"/>
  <system-out/>
  <testcase classname="TestCases.LoginPageTestCase" name="doClickMyGOVButton" time="7.013"/>
  <system-out/>
  <testcase classname="TestCases.LoginPageTestCase" name="doEnterEmailAddress" time="0.672"/>
  <system-out/>
  <testcase classname="TestCases.LoginPageTestCase" name="doClickLoginButton" time="0.071"/>
  <system-out/>
</testsuite> <!-- TestCases.LoginPageTestCase -->
